Arguments: 
  /usr/local/bin/node /usr/local/bin/yarn

PATH: 
  /opt/homebrew/bin:/opt/homebrew/sbin:/usr/local/bin:/usr/bin:/bin:/usr/sbin:/sbin:/opt/homebrew/bin:/opt/homebrew/sbin:/Users/betalectic/.yarn/bin:/path/to/wrangler:/Users/betalectic/.yarn/bin:/path/to/wrangler

Yarn version: 
  1.22.19

Node version: 
  18.16.1

Platform: 
  darwin arm64

Trace: 
  Error: connect EHOSTUNREACH 2606:4700:9ae3:80e2:e4ae:52d:6810:23:443 - Local (:::52886)
      at internalConnect (node:net:1066:16)
      at defaultTriggerAsyncIdScope (node:internal/async_hooks:464:18)
      at emitLookup (node:net:1323:9)
      at /usr/local/lib/node_modules/yarn/lib/cli.js:103587:28
      at /usr/local/lib/node_modules/yarn/lib/cli.js:103496:13
      at module.exports.RawTask.call (/usr/local/lib/node_modules/yarn/lib/cli.js:79584:19)
      at flush (/usr/local/lib/node_modules/yarn/lib/cli.js:79666:29)
      at process.processTicksAndRejections (node:internal/process/task_queues:77:11)

npm manifest: 
  {
      "name": "mongo-http",
      "version": "0.0.19",
      "description": "A thin wrapper on Mongodb Atlas Data API using native fetch API",
      "main": "./lib/index.js",
      "scripts": {
          "test": "jest --config jest.config.js",
          "build": "tsc",
          "prepare": "npm run build"
      },
      "repository": {
          "type": "git",
          "url": "git+https://github.com/patrick-kw-chiu/mongo-http.js.git"
      },
      "files": [
          "lib/**/*"
      ],
      "keywords": [
          "mongo",
          "mongodb",
          "http",
          "async",
          "serverless",
          "cloudflare workers",
          "deno",
          "typescript"
      ],
      "author": "Patrick Chiu",
      "license": "ISC",
      "bugs": {
          "url": "https://github.com/patrick-kw-chiu/mongo-http.js/issues"
      },
      "homepage": "https://github.com/patrick-kw-chiu/mongo-http.js#readme",
      "devDependencies": {
          "@types/jest": "^29.2.3",
          "jest": "^29.3.1",
          "ts-jest": "^29.0.3",
          "typescript": "^4.8.4"
      },
      "dependencies": {
          "bson": "^4.7.0"
      }
  }

yarn manifest: 
  No manifest

Lockfile: 
  No lockfile
